Microsoft HTML Help Compiler 4.74.8702

Compiling \\.psf\Home\Documents\softwerk4R\Projekte\SW100_SW_ITS\S101_TemplateGenerator.exe\Version_1_7_0_2\resources\HTML_Help\TG-ITS.chm

\\.psf\Home\Documents\softwerk4R\Projekte\SW100_SW_ITS\S101_TemplateGenerator.exe\Version_1_7_0_2\resources\HTML_Help\_0_1_wichtige_informationen.htm
\\.psf\Home\Documents\softwerk4R\Projekte\SW100_SW_ITS\S101_TemplateGenerator.exe\Version_1_7_0_2\resources\HTML_Help\_0_6_options.htm
\\.psf\Home\Documents\softwerk4R\Projekte\SW100_SW_ITS\S101_TemplateGenerator.exe\Version_1_7_0_2\resources\HTML_Help\_0_2_scan.htm
\\.psf\Home\Documents\softwerk4R\Projekte\SW100_SW_ITS\S101_TemplateGenerator.exe\Version_1_7_0_2\resources\HTML_Help\_0_3_change.htm
\\.psf\Home\Documents\softwerk4R\Projekte\SW100_SW_ITS\S101_TemplateGenerator.exe\Version_1_7_0_2\resources\HTML_Help\_0_4_addmanually.htm
\\.psf\Home\Documents\softwerk4R\Projekte\SW100_SW_ITS\S101_TemplateGenerator.exe\Version_1_7_0_2\resources\HTML_Help\_0_5_export.htm
\\.psf\Home\Documents\softwerk4R\Projekte\SW100_SW_ITS\S101_TemplateGenerator.exe\Version_1_7_0_2\resources\HTML_Help\images\SE_Logo_10cm_300dpi.jpg
\\.psf\Home\Documents\softwerk4R\Projekte\SW100_SW_ITS\S101_TemplateGenerator.exe\Version_1_7_0_2\resources\HTML_Help\images\image11.jpg
\\.psf\Home\Documents\softwerk4R\Projekte\SW100_SW_ITS\S101_TemplateGenerator.exe\Version_1_7_0_2\resources\HTML_Help\images\image12.jpg
\\.psf\Home\Documents\softwerk4R\Projekte\SW100_SW_ITS\S101_TemplateGenerator.exe\Version_1_7_0_2\resources\HTML_Help\images\image01.jpg
\\.psf\Home\Documents\softwerk4R\Projekte\SW100_SW_ITS\S101_TemplateGenerator.exe\Version_1_7_0_2\resources\HTML_Help\images\image02.jpg
\\.psf\Home\Documents\softwerk4R\Projekte\SW100_SW_ITS\S101_TemplateGenerator.exe\Version_1_7_0_2\resources\HTML_Help\images\image05.jpg
\\.psf\Home\Documents\softwerk4R\Projekte\SW100_SW_ITS\S101_TemplateGenerator.exe\Version_1_7_0_2\resources\HTML_Help\images\image06.jpg
\\.psf\Home\Documents\softwerk4R\Projekte\SW100_SW_ITS\S101_TemplateGenerator.exe\Version_1_7_0_2\resources\HTML_Help\images\image03.jpg
\\.psf\Home\Documents\softwerk4R\Projekte\SW100_SW_ITS\S101_TemplateGenerator.exe\Version_1_7_0_2\resources\HTML_Help\images\image04.jpg
\\.psf\Home\Documents\softwerk4R\Projekte\SW100_SW_ITS\S101_TemplateGenerator.exe\Version_1_7_0_2\resources\HTML_Help\images\image09.jpg
\\.psf\Home\Documents\softwerk4R\Projekte\SW100_SW_ITS\S101_TemplateGenerator.exe\Version_1_7_0_2\resources\HTML_Help\images\image08.jpg
\\.psf\Home\Documents\softwerk4R\Projekte\SW100_SW_ITS\S101_TemplateGenerator.exe\Version_1_7_0_2\resources\HTML_Help\images\image10.jpg
\\.psf\Home\Documents\softwerk4R\Projekte\SW100_SW_ITS\S101_TemplateGenerator.exe\Version_1_7_0_2\resources\HTML_Help\swits_help.css

Compile time: 0 minutes, 1 second
12	Topics
11	Local links
0	Internet links
12	Graphics


Created \\.psf\Home\Documents\softwerk4R\Projekte\SW100_SW_ITS\S101_TemplateGenerator.exe\Version_1_7_0_2\resources\HTML_Help\TG-ITS.chm, 774,111 bytes
Compression decreased file by 260,269 bytes.
